{"C:\\Users\\konst\\Documents\\git\\anzol\\src\\hooks\\useDefer.ts": {"path":"C:\\Users\\konst\\Documents\\git\\anzol\\src\\hooks\\useDefer.ts","all":false,"statementMap":{"0":{"start":{"line":1,"column":0},"end":{"line":1,"column":42}},"1":{"start":{"line":2,"column":0},"end":{"line":2,"column":0}},"2":{"start":{"line":3,"column":0},"end":{"line":3,"column":3}},"3":{"start":{"line":4,"column":0},"end":{"line":4,"column":106}},"4":{"start":{"line":5,"column":0},"end":{"line":5,"column":80}},"5":{"start":{"line":6,"column":0},"end":{"line":6,"column":2}},"6":{"start":{"line":7,"column":0},"end":{"line":7,"column":46}},"7":{"start":{"line":8,"column":0},"end":{"line":8,"column":97}},"8":{"start":{"line":9,"column":0},"end":{"line":9,"column":2}},"9":{"start":{"line":10,"column":0},"end":{"line":10,"column":36}},"10":{"start":{"line":11,"column":0},"end":{"line":11,"column":2}},"11":{"start":{"line":12,"column":0},"end":{"line":12,"column":11}},"12":{"start":{"line":13,"column":0},"end":{"line":13,"column":8}},"13":{"start":{"line":14,"column":0},"end":{"line":14,"column":28}},"14":{"start":{"line":15,"column":0},"end":{"line":15,"column":46}},"15":{"start":{"line":16,"column":0},"end":{"line":16,"column":49}},"16":{"start":{"line":17,"column":0},"end":{"line":17,"column":15}},"17":{"start":{"line":18,"column":0},"end":{"line":18,"column":16}},"18":{"start":{"line":19,"column":0},"end":{"line":19,"column":21}},"19":{"start":{"line":20,"column":0},"end":{"line":20,"column":30}},"20":{"start":{"line":21,"column":0},"end":{"line":21,"column":32}},"21":{"start":{"line":22,"column":0},"end":{"line":22,"column":82}},"22":{"start":{"line":23,"column":0},"end":{"line":23,"column":17}},"23":{"start":{"line":24,"column":0},"end":{"line":24,"column":19}},"24":{"start":{"line":25,"column":0},"end":{"line":25,"column":33}},"25":{"start":{"line":26,"column":0},"end":{"line":26,"column":20}},"26":{"start":{"line":27,"column":0},"end":{"line":27,"column":17}},"27":{"start":{"line":28,"column":0},"end":{"line":28,"column":9}},"28":{"start":{"line":29,"column":0},"end":{"line":29,"column":5}},"29":{"start":{"line":30,"column":0},"end":{"line":30,"column":6}},"30":{"start":{"line":31,"column":0},"end":{"line":31,"column":3}},"31":{"start":{"line":32,"column":0},"end":{"line":32,"column":59}},"32":{"start":{"line":33,"column":0},"end":{"line":33,"column":46}},"33":{"start":{"line":34,"column":0},"end":{"line":34,"column":82}},"34":{"start":{"line":35,"column":0},"end":{"line":35,"column":21}},"35":{"start":{"line":36,"column":0},"end":{"line":36,"column":27}},"36":{"start":{"line":37,"column":0},"end":{"line":37,"column":39}},"37":{"start":{"line":38,"column":0},"end":{"line":38,"column":34}},"38":{"start":{"line":39,"column":0},"end":{"line":39,"column":9}},"39":{"start":{"line":40,"column":0},"end":{"line":40,"column":42}},"40":{"start":{"line":41,"column":0},"end":{"line":41,"column":28}},"41":{"start":{"line":42,"column":0},"end":{"line":42,"column":19}},"42":{"start":{"line":43,"column":0},"end":{"line":43,"column":23}},"43":{"start":{"line":44,"column":0},"end":{"line":44,"column":17}},"44":{"start":{"line":45,"column":0},"end":{"line":45,"column":1}},"45":{"start":{"line":46,"column":0},"end":{"line":46,"column":0}},"46":{"start":{"line":47,"column":0},"end":{"line":47,"column":24}}},"s":{"0":1,"1":1,"2":1,"3":1,"4":1,"5":1,"6":1,"7":1,"8":1,"9":1,"10":1,"11":1,"12":1,"13":1,"14":1,"15":1,"16":1,"17":1,"18":1,"19":1,"20":1,"21":1,"22":1,"23":1,"24":1,"25":1,"26":1,"27":1,"28":1,"29":1,"30":1,"31":1,"32":5,"33":5,"34":5,"35":2,"36":1,"37":1,"38":1,"39":2,"40":1,"41":2,"42":5,"43":5,"44":5,"45":1,"46":1},"branchMap":{"0":{"type":"branch","line":32,"loc":{"start":{"line":32,"column":17},"end":{"line":45,"column":1}},"locations":[{"start":{"line":32,"column":17},"end":{"line":45,"column":1}}]},"1":{"type":"branch","line":35,"loc":{"start":{"line":35,"column":14},"end":{"line":43,"column":5}},"locations":[{"start":{"line":35,"column":14},"end":{"line":43,"column":5}}]},"2":{"type":"branch","line":36,"loc":{"start":{"line":36,"column":26},"end":{"line":39,"column":9}},"locations":[{"start":{"line":36,"column":26},"end":{"line":39,"column":9}}]},"3":{"type":"branch","line":40,"loc":{"start":{"line":40,"column":35},"end":{"line":42,"column":9}},"locations":[{"start":{"line":40,"column":35},"end":{"line":42,"column":9}}]}},"b":{"0":[5],"1":[2],"2":[1],"3":[1]},"fnMap":{"0":{"name":"useDefer","decl":{"start":{"line":32,"column":17},"end":{"line":45,"column":1}},"loc":{"start":{"line":32,"column":17},"end":{"line":45,"column":1}},"line":32}},"f":{"0":5}}
,"C:\\Users\\konst\\Documents\\git\\anzol\\src\\hooks\\useFetch.ts": {"path":"C:\\Users\\konst\\Documents\\git\\anzol\\src\\hooks\\useFetch.ts","all":false,"statementMap":{"0":{"start":{"line":1,"column":0},"end":{"line":1,"column":42}},"1":{"start":{"line":2,"column":0},"end":{"line":2,"column":0}},"2":{"start":{"line":3,"column":0},"end":{"line":3,"column":3}},"3":{"start":{"line":4,"column":0},"end":{"line":4,"column":77}},"4":{"start":{"line":5,"column":0},"end":{"line":5,"column":3}},"5":{"start":{"line":6,"column":0},"end":{"line":6,"column":27}},"6":{"start":{"line":7,"column":0},"end":{"line":7,"column":116}},"7":{"start":{"line":8,"column":0},"end":{"line":8,"column":14}},"8":{"start":{"line":9,"column":0},"end":{"line":9,"column":118}},"9":{"start":{"line":10,"column":0},"end":{"line":10,"column":75}},"10":{"start":{"line":11,"column":0},"end":{"line":11,"column":21}},"11":{"start":{"line":12,"column":0},"end":{"line":12,"column":94}},"12":{"start":{"line":13,"column":0},"end":{"line":13,"column":16}},"13":{"start":{"line":14,"column":0},"end":{"line":14,"column":74}},"14":{"start":{"line":15,"column":0},"end":{"line":15,"column":25}},"15":{"start":{"line":16,"column":0},"end":{"line":16,"column":1}},"16":{"start":{"line":17,"column":0},"end":{"line":17,"column":0}},"17":{"start":{"line":18,"column":0},"end":{"line":18,"column":3}},"18":{"start":{"line":19,"column":0},"end":{"line":19,"column":101}},"19":{"start":{"line":20,"column":0},"end":{"line":20,"column":96}},"20":{"start":{"line":21,"column":0},"end":{"line":21,"column":2}},"21":{"start":{"line":22,"column":0},"end":{"line":22,"column":35}},"22":{"start":{"line":23,"column":0},"end":{"line":23,"column":118}},"23":{"start":{"line":24,"column":0},"end":{"line":24,"column":94}},"24":{"start":{"line":25,"column":0},"end":{"line":25,"column":112}},"25":{"start":{"line":26,"column":0},"end":{"line":26,"column":120}},"26":{"start":{"line":27,"column":0},"end":{"line":27,"column":120}},"27":{"start":{"line":28,"column":0},"end":{"line":28,"column":15}},"28":{"start":{"line":29,"column":0},"end":{"line":29,"column":2}},"29":{"start":{"line":30,"column":0},"end":{"line":30,"column":22}},"30":{"start":{"line":31,"column":0},"end":{"line":31,"column":2}},"31":{"start":{"line":32,"column":0},"end":{"line":32,"column":11}},"32":{"start":{"line":33,"column":0},"end":{"line":33,"column":8}},"33":{"start":{"line":34,"column":0},"end":{"line":34,"column":28}},"34":{"start":{"line":35,"column":0},"end":{"line":35,"column":46}},"35":{"start":{"line":36,"column":0},"end":{"line":36,"column":119}},"36":{"start":{"line":37,"column":0},"end":{"line":37,"column":72}},"37":{"start":{"line":38,"column":0},"end":{"line":38,"column":15}},"38":{"start":{"line":39,"column":0},"end":{"line":39,"column":16}},"39":{"start":{"line":40,"column":0},"end":{"line":40,"column":21}},"40":{"start":{"line":41,"column":0},"end":{"line":41,"column":30}},"41":{"start":{"line":42,"column":0},"end":{"line":42,"column":32}},"42":{"start":{"line":43,"column":0},"end":{"line":43,"column":82}},"43":{"start":{"line":44,"column":0},"end":{"line":44,"column":17}},"44":{"start":{"line":45,"column":0},"end":{"line":45,"column":19}},"45":{"start":{"line":46,"column":0},"end":{"line":46,"column":50}},"46":{"start":{"line":47,"column":0},"end":{"line":47,"column":20}},"47":{"start":{"line":48,"column":0},"end":{"line":48,"column":17}},"48":{"start":{"line":49,"column":0},"end":{"line":49,"column":9}},"49":{"start":{"line":50,"column":0},"end":{"line":50,"column":5}},"50":{"start":{"line":51,"column":0},"end":{"line":51,"column":6}},"51":{"start":{"line":52,"column":0},"end":{"line":52,"column":3}},"52":{"start":{"line":53,"column":0},"end":{"line":53,"column":18}},"53":{"start":{"line":54,"column":0},"end":{"line":54,"column":16}},"54":{"start":{"line":55,"column":0},"end":{"line":55,"column":78}},"55":{"start":{"line":56,"column":0},"end":{"line":56,"column":30}},"56":{"start":{"line":57,"column":0},"end":{"line":57,"column":31}},"57":{"start":{"line":58,"column":0},"end":{"line":58,"column":19}},"58":{"start":{"line":59,"column":0},"end":{"line":59,"column":62}},"59":{"start":{"line":60,"column":0},"end":{"line":60,"column":49}},"60":{"start":{"line":61,"column":0},"end":{"line":61,"column":59}},"61":{"start":{"line":62,"column":0},"end":{"line":62,"column":48}},"62":{"start":{"line":63,"column":0},"end":{"line":63,"column":0}},"63":{"start":{"line":64,"column":0},"end":{"line":64,"column":21}},"64":{"start":{"line":65,"column":0},"end":{"line":65,"column":54}},"65":{"start":{"line":66,"column":0},"end":{"line":66,"column":43}},"66":{"start":{"line":67,"column":0},"end":{"line":67,"column":22}},"67":{"start":{"line":68,"column":0},"end":{"line":68,"column":29}},"68":{"start":{"line":69,"column":0},"end":{"line":69,"column":17}},"69":{"start":{"line":70,"column":0},"end":{"line":70,"column":107}},"70":{"start":{"line":71,"column":0},"end":{"line":71,"column":43}},"71":{"start":{"line":72,"column":0},"end":{"line":72,"column":35}},"72":{"start":{"line":73,"column":0},"end":{"line":73,"column":35}},"73":{"start":{"line":74,"column":0},"end":{"line":74,"column":34}},"74":{"start":{"line":75,"column":0},"end":{"line":75,"column":24}},"75":{"start":{"line":76,"column":0},"end":{"line":76,"column":47}},"76":{"start":{"line":77,"column":0},"end":{"line":77,"column":55}},"77":{"start":{"line":78,"column":0},"end":{"line":78,"column":100}},"78":{"start":{"line":79,"column":0},"end":{"line":79,"column":59}},"79":{"start":{"line":80,"column":0},"end":{"line":80,"column":55}},"80":{"start":{"line":81,"column":0},"end":{"line":81,"column":64}},"81":{"start":{"line":82,"column":0},"end":{"line":82,"column":64}},"82":{"start":{"line":83,"column":0},"end":{"line":83,"column":71}},"83":{"start":{"line":84,"column":0},"end":{"line":84,"column":46}},"84":{"start":{"line":85,"column":0},"end":{"line":85,"column":26}},"85":{"start":{"line":86,"column":0},"end":{"line":86,"column":37}},"86":{"start":{"line":87,"column":0},"end":{"line":87,"column":54}},"87":{"start":{"line":88,"column":0},"end":{"line":88,"column":55}},"88":{"start":{"line":89,"column":0},"end":{"line":89,"column":28}},"89":{"start":{"line":90,"column":0},"end":{"line":90,"column":53}},"90":{"start":{"line":91,"column":0},"end":{"line":91,"column":115}},"91":{"start":{"line":92,"column":0},"end":{"line":92,"column":42}},"92":{"start":{"line":93,"column":0},"end":{"line":93,"column":21}},"93":{"start":{"line":94,"column":0},"end":{"line":94,"column":17}},"94":{"start":{"line":95,"column":0},"end":{"line":95,"column":33}},"95":{"start":{"line":96,"column":0},"end":{"line":96,"column":34}},"96":{"start":{"line":97,"column":0},"end":{"line":97,"column":13}},"97":{"start":{"line":98,"column":0},"end":{"line":98,"column":13}},"98":{"start":{"line":99,"column":0},"end":{"line":99,"column":35}},"99":{"start":{"line":100,"column":0},"end":{"line":100,"column":26}},"100":{"start":{"line":101,"column":0},"end":{"line":101,"column":40}},"101":{"start":{"line":102,"column":0},"end":{"line":102,"column":14}},"102":{"start":{"line":103,"column":0},"end":{"line":103,"column":9}},"103":{"start":{"line":104,"column":0},"end":{"line":104,"column":25}},"104":{"start":{"line":105,"column":0},"end":{"line":105,"column":39}},"105":{"start":{"line":106,"column":0},"end":{"line":106,"column":2}},"106":{"start":{"line":107,"column":0},"end":{"line":107,"column":0}},"107":{"start":{"line":108,"column":0},"end":{"line":108,"column":24}}},"s":{"0":1,"1":1,"2":1,"3":1,"4":1,"5":1,"6":1,"7":1,"8":1,"9":1,"10":1,"11":1,"12":1,"13":1,"14":1,"15":1,"16":1,"17":1,"18":1,"19":1,"20":1,"21":1,"22":1,"23":1,"24":1,"25":1,"26":1,"27":1,"28":1,"29":1,"30":1,"31":1,"32":1,"33":1,"34":1,"35":1,"36":1,"37":1,"38":1,"39":1,"40":1,"41":1,"42":1,"43":1,"44":1,"45":1,"46":1,"47":1,"48":1,"49":1,"50":1,"51":1,"52":1,"53":33,"54":33,"55":33,"56":33,"57":33,"58":33,"59":33,"60":33,"61":33,"62":33,"63":33,"64":12,"65":12,"66":12,"67":12,"68":12,"69":12,"70":11,"71":11,"72":12,"73":1,"74":12,"75":10,"76":4,"77":10,"78":3,"79":3,"80":3,"81":3,"82":2,"83":1,"84":3,"85":3,"86":3,"87":1,"88":3,"89":2,"90":2,"91":2,"92":2,"93":10,"94":12,"95":11,"96":11,"97":12,"98":12,"99":10,"100":10,"101":10,"102":10,"103":33,"104":33,"105":33,"106":1,"107":1},"branchMap":{"0":{"type":"branch","line":53,"loc":{"start":{"line":53,"column":17},"end":{"line":106,"column":2}},"locations":[{"start":{"line":53,"column":17},"end":{"line":106,"column":2}}]},"1":{"type":"branch","line":64,"loc":{"start":{"line":64,"column":14},"end":{"line":104,"column":5}},"locations":[{"start":{"line":64,"column":14},"end":{"line":104,"column":5}}]},"2":{"type":"branch","line":99,"loc":{"start":{"line":99,"column":34},"end":{"line":103,"column":9}},"locations":[{"start":{"line":99,"column":34},"end":{"line":103,"column":9}}]},"3":{"type":"branch","line":67,"loc":{"start":{"line":67,"column":9},"end":{"line":98,"column":10}},"locations":[{"start":{"line":67,"column":9},"end":{"line":98,"column":10}}]},"4":{"type":"branch","line":67,"loc":{"start":{"line":67,"column":20},"end":{"line":98,"column":9}},"locations":[{"start":{"line":67,"column":20},"end":{"line":98,"column":9}}]},"5":{"type":"branch","line":70,"loc":{"start":{"line":70,"column":71},"end":{"line":70,"column":96}},"locations":[{"start":{"line":70,"column":71},"end":{"line":70,"column":96}}]},"6":{"type":"branch","line":70,"loc":{"start":{"line":70,"column":96},"end":{"line":70,"column":105}},"locations":[{"start":{"line":70,"column":96},"end":{"line":70,"column":105}}]},"7":{"type":"branch","line":71,"loc":{"start":{"line":71,"column":-2},"end":{"line":73,"column":34}},"locations":[{"start":{"line":71,"column":-2},"end":{"line":73,"column":34}}]},"8":{"type":"branch","line":73,"loc":{"start":{"line":73,"column":34},"end":{"line":75,"column":17}},"locations":[{"start":{"line":73,"column":34},"end":{"line":75,"column":17}}]},"9":{"type":"branch","line":75,"loc":{"start":{"line":75,"column":17},"end":{"line":94,"column":17}},"locations":[{"start":{"line":75,"column":17},"end":{"line":94,"column":17}}]},"10":{"type":"branch","line":76,"loc":{"start":{"line":76,"column":46},"end":{"line":78,"column":21}},"locations":[{"start":{"line":76,"column":46},"end":{"line":78,"column":21}}]},"11":{"type":"branch","line":78,"loc":{"start":{"line":78,"column":21},"end":{"line":93,"column":21}},"locations":[{"start":{"line":78,"column":21},"end":{"line":93,"column":21}}]},"12":{"type":"branch","line":78,"loc":{"start":{"line":78,"column":51},"end":{"line":78,"column":74}},"locations":[{"start":{"line":78,"column":51},"end":{"line":78,"column":74}}]},"13":{"type":"branch","line":78,"loc":{"start":{"line":78,"column":74},"end":{"line":78,"column":97}},"locations":[{"start":{"line":78,"column":74},"end":{"line":78,"column":97}}]},"14":{"type":"branch","line":78,"loc":{"start":{"line":78,"column":99},"end":{"line":93,"column":21}},"locations":[{"start":{"line":78,"column":99},"end":{"line":93,"column":21}}]},"15":{"type":"branch","line":82,"loc":{"start":{"line":82,"column":49},"end":{"line":82,"column":62}},"locations":[{"start":{"line":82,"column":49},"end":{"line":82,"column":62}}]},"16":{"type":"branch","line":82,"loc":{"start":{"line":82,"column":63},"end":{"line":84,"column":46}},"locations":[{"start":{"line":82,"column":63},"end":{"line":84,"column":46}}]},"17":{"type":"branch","line":83,"loc":{"start":{"line":83,"column":52},"end":{"line":83,"column":69}},"locations":[{"start":{"line":83,"column":52},"end":{"line":83,"column":69}}]},"18":{"type":"branch","line":83,"loc":{"start":{"line":83,"column":70},"end":{"line":84,"column":46}},"locations":[{"start":{"line":83,"column":70},"end":{"line":84,"column":46}}]},"19":{"type":"branch","line":87,"loc":{"start":{"line":87,"column":53},"end":{"line":89,"column":21}},"locations":[{"start":{"line":87,"column":53},"end":{"line":89,"column":21}}]},"20":{"type":"branch","line":89,"loc":{"start":{"line":89,"column":21},"end":{"line":93,"column":21}},"locations":[{"start":{"line":89,"column":21},"end":{"line":93,"column":21}}]},"21":{"type":"branch","line":91,"loc":{"start":{"line":91,"column":28},"end":{"line":91,"column":115}},"locations":[{"start":{"line":91,"column":28},"end":{"line":91,"column":115}}]},"22":{"type":"branch","line":95,"loc":{"start":{"line":95,"column":14},"end":{"line":95,"column":23}},"locations":[{"start":{"line":95,"column":14},"end":{"line":95,"column":23}}]},"23":{"type":"branch","line":95,"loc":{"start":{"line":95,"column":23},"end":{"line":97,"column":13}},"locations":[{"start":{"line":95,"column":23},"end":{"line":97,"column":13}}]},"24":{"type":"branch","line":100,"loc":{"start":{"line":100,"column":19},"end":{"line":102,"column":13}},"locations":[{"start":{"line":100,"column":19},"end":{"line":102,"column":13}}]}},"b":{"0":[33],"1":[12],"2":[10],"3":[12],"4":[12],"5":[10],"6":[2],"7":[11],"8":[1],"9":[10],"10":[4],"11":[6],"12":[5],"13":[4],"14":[3],"15":[1],"16":[2],"17":[1],"18":[1],"19":[1],"20":[2],"21":[1],"22":[0],"23":[11],"24":[10]},"fnMap":{"0":{"name":"useFetch","decl":{"start":{"line":53,"column":17},"end":{"line":106,"column":2}},"loc":{"start":{"line":53,"column":17},"end":{"line":106,"column":2}},"line":53}},"f":{"0":33}}
}
