TN:
SF:src\hooks\useDefer.ts
FN:32,useDefer
FNF:1
FNH:1
FNDA:5,useDefer
DA:1,1
DA:2,1
DA:3,1
DA:4,1
DA:5,1
DA:6,1
DA:7,1
DA:8,1
DA:9,1
DA:10,1
DA:11,1
DA:12,1
DA:13,1
DA:14,1
DA:15,1
DA:16,1
DA:17,1
DA:18,1
DA:19,1
DA:20,1
DA:21,1
DA:22,1
DA:23,1
DA:24,1
DA:25,1
DA:26,1
DA:27,1
DA:28,1
DA:29,1
DA:30,1
DA:31,1
DA:32,1
DA:33,5
DA:34,5
DA:35,5
DA:36,2
DA:37,1
DA:38,1
DA:39,1
DA:40,2
DA:41,1
DA:42,2
DA:43,5
DA:44,5
DA:45,5
DA:46,1
DA:47,1
LF:47
LH:47
BRDA:32,0,0,5
BRDA:35,1,0,2
BRDA:36,2,0,1
BRDA:40,3,0,1
BRF:4
BRH:4
end_of_record
TN:
SF:src\hooks\useFetch.ts
FN:61,useFetch
FNF:1
FNH:1
FNDA:118,useFetch
DA:1,1
DA:2,1
DA:3,1
DA:4,1
DA:5,1
DA:6,1
DA:7,1
DA:8,1
DA:9,1
DA:10,1
DA:11,1
DA:12,1
DA:13,1
DA:14,1
DA:15,1
DA:16,1
DA:17,1
DA:18,1
DA:19,1
DA:20,1
DA:21,1
DA:22,1
DA:23,1
DA:24,1
DA:25,1
DA:26,1
DA:27,1
DA:28,1
DA:29,1
DA:30,1
DA:31,1
DA:32,1
DA:33,1
DA:34,1
DA:35,1
DA:36,1
DA:37,1
DA:38,1
DA:39,1
DA:40,1
DA:41,1
DA:42,1
DA:43,1
DA:44,1
DA:45,1
DA:46,1
DA:47,1
DA:48,1
DA:49,1
DA:50,1
DA:51,1
DA:52,1
DA:53,1
DA:54,1
DA:55,1
DA:56,1
DA:57,1
DA:58,1
DA:59,1
DA:60,1
DA:61,1
DA:62,118
DA:63,118
DA:64,118
DA:65,118
DA:66,118
DA:67,118
DA:68,118
DA:69,118
DA:70,118
DA:71,118
DA:72,118
DA:73,118
DA:74,118
DA:75,118
DA:76,118
DA:77,15
DA:78,118
DA:79,118
DA:80,118
DA:81,41
DA:82,41
DA:83,41
DA:84,41
DA:85,41
DA:86,41
DA:87,41
DA:88,41
DA:89,41
DA:90,41
DA:91,41
DA:92,41
DA:93,41
DA:94,12
DA:95,6
DA:96,6
DA:97,3
DA:98,3
DA:99,3
DA:100,3
DA:101,2
DA:102,1
DA:103,3
DA:104,3
DA:105,1
DA:106,3
DA:107,2
DA:108,2
DA:109,2
DA:110,2
DA:111,41
DA:112,28
DA:113,28
DA:114,27
DA:115,27
DA:116,28
DA:117,40
DA:118,41
DA:119,41
DA:120,41
DA:121,41
DA:122,41
DA:123,39
DA:124,39
DA:125,39
DA:126,39
DA:127,118
DA:128,118
DA:129,118
DA:130,1
DA:131,1
LF:131
LH:131
BRDA:61,0,0,118
BRDA:76,1,0,15
BRDA:80,2,0,41
BRDA:122,3,0,39
BRDA:83,4,0,41
BRDA:83,5,0,41
BRDA:87,6,0,39
BRDA:88,7,0,2
BRDA:93,8,0,12
BRDA:94,9,0,6
BRDA:96,10,0,5
BRDA:96,11,0,5
BRDA:96,12,0,4
BRDA:96,13,0,3
BRDA:100,14,0,1
BRDA:100,15,0,2
BRDA:101,16,0,1
BRDA:101,17,0,1
BRDA:104,18,0,1
BRDA:106,19,0,2
BRDA:108,20,0,1
BRDA:111,21,0,29
BRDA:111,22,0,28
BRDA:113,23,0,27
BRDA:117,24,0,40
BRDA:118,25,0,1
BRDA:114,26,0,26
BRDA:114,27,0,26
BRDA:123,28,0,39
BRF:29
BRH:29
end_of_record
TN:
SF:src\hooks\useFirstRender.ts
FN:21,useFirstRender
FNF:1
FNH:1
FNDA:2,useFirstRender
DA:1,1
DA:2,1
DA:3,1
DA:4,1
DA:5,1
DA:6,1
DA:7,1
DA:8,1
DA:9,1
DA:10,1
DA:11,1
DA:12,1
DA:13,1
DA:14,1
DA:15,1
DA:16,1
DA:17,1
DA:18,1
DA:19,1
DA:20,1
DA:21,2
DA:22,2
DA:23,2
DA:24,2
DA:25,1
DA:26,1
DA:27,1
DA:28,1
DA:29,1
DA:30,1
DA:31,1
DA:32,1
LF:32
LH:32
BRDA:21,0,0,2
BRDA:24,1,0,1
BRF:2
BRH:2
end_of_record
TN:
SF:src\hooks\useIntersectionObserver.ts
FN:44,useIntersectionObserver
FN:58,IntersectionObserver.root.root
FNF:2
FNH:2
FNDA:3,useIntersectionObserver
FNDA:1,IntersectionObserver.root.root
DA:1,1
DA:2,1
DA:3,1
DA:4,1
DA:5,1
DA:6,1
DA:7,1
DA:8,1
DA:9,1
DA:10,1
DA:11,1
DA:12,1
DA:13,1
DA:14,1
DA:15,1
DA:16,1
DA:17,1
DA:18,1
DA:19,1
DA:20,1
DA:21,1
DA:22,1
DA:23,1
DA:24,1
DA:25,1
DA:26,1
DA:27,1
DA:28,1
DA:29,1
DA:30,1
DA:31,1
DA:32,1
DA:33,1
DA:34,1
DA:35,1
DA:36,1
DA:37,1
DA:38,1
DA:39,1
DA:40,1
DA:41,1
DA:42,1
DA:43,1
DA:44,3
DA:45,3
DA:46,3
DA:47,3
DA:48,3
DA:49,3
DA:50,3
DA:51,3
DA:52,3
DA:53,3
DA:54,3
DA:55,3
DA:56,2
DA:57,2
DA:58,2
DA:59,2
DA:60,2
DA:61,2
DA:62,2
DA:63,2
DA:64,3
DA:65,3
DA:66,3
DA:67,1
DA:68,1
LF:68
LH:68
BRDA:44,0,0,3
BRDA:55,1,0,2
BRDA:58,2,0,1
BRDA:62,3,0,2
BRF:4
BRH:4
end_of_record
TN:
SF:src\hooks\useIntersectionObserverArray.ts
FN:60,useIntersectionObserverArray
FN:76,IntersectionObserver.root.root
FNF:2
FNH:2
FNDA:4,useIntersectionObserverArray
FNDA:2,IntersectionObserver.root.root
DA:1,1
DA:2,1
DA:3,1
DA:4,1
DA:5,1
DA:6,1
DA:7,1
DA:8,1
DA:9,1
DA:10,1
DA:11,1
DA:12,1
DA:13,1
DA:14,1
DA:15,1
DA:16,1
DA:17,1
DA:18,1
DA:19,1
DA:20,1
DA:21,1
DA:22,1
DA:23,1
DA:24,1
DA:25,1
DA:26,1
DA:27,1
DA:28,1
DA:29,1
DA:30,1
DA:31,1
DA:32,1
DA:33,1
DA:34,1
DA:35,1
DA:36,1
DA:37,1
DA:38,1
DA:39,1
DA:40,1
DA:41,1
DA:42,1
DA:43,1
DA:44,1
DA:45,1
DA:46,1
DA:47,1
DA:48,1
DA:49,1
DA:50,1
DA:51,1
DA:52,1
DA:53,1
DA:54,1
DA:55,1
DA:56,1
DA:57,1
DA:58,1
DA:59,1
DA:60,4
DA:61,4
DA:62,4
DA:63,4
DA:64,4
DA:65,4
DA:66,4
DA:67,4
DA:68,4
DA:69,4
DA:70,4
DA:71,4
DA:72,4
DA:73,4
DA:74,2
DA:75,2
DA:76,2
DA:77,2
DA:78,2
DA:79,2
DA:80,2
DA:81,2
DA:82,2
DA:83,2
DA:84,2
DA:85,2
DA:86,2
DA:87,2
DA:88,2
DA:89,2
DA:90,2
DA:91,2
DA:92,2
DA:93,2
DA:94,2
DA:95,2
DA:96,4
DA:97,4
DA:98,4
DA:99,1
DA:100,1
LF:100
LH:100
BRDA:60,0,0,4
BRDA:73,1,0,2
BRDA:76,2,0,2
BRDA:77,3,0,2
BRDA:78,4,0,1
BRDA:79,5,0,1
BRDA:80,6,0,1
BRDA:79,7,0,2
BRDA:81,8,0,2
BRDA:93,9,0,4
BRDA:94,10,0,2
BRF:11
BRH:11
end_of_record
TN:
SF:src\hooks\useToggle.ts
FN:26,useToggle
FNF:1
FNH:1
FNDA:2,useToggle
DA:1,1
DA:2,1
DA:3,1
DA:4,1
DA:5,1
DA:6,1
DA:7,1
DA:8,1
DA:9,1
DA:10,1
DA:11,1
DA:12,1
DA:13,1
DA:14,1
DA:15,1
DA:16,1
DA:17,1
DA:18,1
DA:19,1
DA:20,1
DA:21,1
DA:22,1
DA:23,1
DA:24,1
DA:25,1
DA:26,2
DA:27,2
DA:28,2
DA:29,2
DA:30,2
DA:31,1
DA:32,1
LF:32
LH:32
BRDA:26,0,0,2
BRDA:28,1,0,1
BRDA:28,2,0,1
BRF:3
BRH:3
end_of_record
