TN:
SF:src\hooks\useDefer.ts
FN:32,useDefer
FNF:1
FNH:1
FNDA:5,useDefer
DA:1,1
DA:2,1
DA:3,1
DA:4,1
DA:5,1
DA:6,1
DA:7,1
DA:8,1
DA:9,1
DA:10,1
DA:11,1
DA:12,1
DA:13,1
DA:14,1
DA:15,1
DA:16,1
DA:17,1
DA:18,1
DA:19,1
DA:20,1
DA:21,1
DA:22,1
DA:23,1
DA:24,1
DA:25,1
DA:26,1
DA:27,1
DA:28,1
DA:29,1
DA:30,1
DA:31,1
DA:32,1
DA:33,5
DA:34,5
DA:35,5
DA:36,2
DA:37,1
DA:38,1
DA:39,1
DA:40,2
DA:41,1
DA:42,2
DA:43,5
DA:44,5
DA:45,5
DA:46,1
DA:47,1
LF:47
LH:47
BRDA:32,0,0,5
BRDA:35,1,0,2
BRDA:36,2,0,1
BRDA:40,3,0,1
BRF:4
BRH:4
end_of_record
TN:
SF:src\hooks\useFetch.ts
FN:61,useFetch
FNF:1
FNH:1
FNDA:121,useFetch
DA:1,1
DA:2,1
DA:3,1
DA:4,1
DA:5,1
DA:6,1
DA:7,1
DA:8,1
DA:9,1
DA:10,1
DA:11,1
DA:12,1
DA:13,1
DA:14,1
DA:15,1
DA:16,1
DA:17,1
DA:18,1
DA:19,1
DA:20,1
DA:21,1
DA:22,1
DA:23,1
DA:24,1
DA:25,1
DA:26,1
DA:27,1
DA:28,1
DA:29,1
DA:30,1
DA:31,1
DA:32,1
DA:33,1
DA:34,1
DA:35,1
DA:36,1
DA:37,1
DA:38,1
DA:39,1
DA:40,1
DA:41,1
DA:42,1
DA:43,1
DA:44,1
DA:45,1
DA:46,1
DA:47,1
DA:48,1
DA:49,1
DA:50,1
DA:51,1
DA:52,1
DA:53,1
DA:54,1
DA:55,1
DA:56,1
DA:57,1
DA:58,1
DA:59,1
DA:60,1
DA:61,1
DA:62,121
DA:63,121
DA:64,121
DA:65,121
DA:66,121
DA:67,121
DA:68,121
DA:69,121
DA:70,121
DA:71,121
DA:72,121
DA:73,121
DA:74,121
DA:75,121
DA:76,121
DA:77,15
DA:78,121
DA:79,121
DA:80,121
DA:81,42
DA:82,42
DA:83,42
DA:84,42
DA:85,42
DA:86,42
DA:87,42
DA:88,42
DA:89,42
DA:90,42
DA:91,42
DA:92,42
DA:93,42
DA:94,12
DA:95,6
DA:96,6
DA:97,3
DA:98,3
DA:99,3
DA:100,3
DA:101,2
DA:102,1
DA:103,3
DA:104,3
DA:105,1
DA:106,3
DA:107,2
DA:108,2
DA:109,2
DA:110,2
DA:111,42
DA:112,29
DA:113,29
DA:114,28
DA:115,28
DA:116,29
DA:117,41
DA:118,42
DA:119,42
DA:120,42
DA:121,42
DA:122,42
DA:123,40
DA:124,40
DA:125,40
DA:126,40
DA:127,121
DA:128,121
DA:129,121
DA:130,1
DA:131,1
LF:131
LH:131
BRDA:61,0,0,121
BRDA:76,1,0,15
BRDA:80,2,0,42
BRDA:122,3,0,40
BRDA:83,4,0,42
BRDA:83,5,0,42
BRDA:87,6,0,40
BRDA:88,7,0,2
BRDA:93,8,0,12
BRDA:94,9,0,6
BRDA:96,10,0,5
BRDA:96,11,0,5
BRDA:96,12,0,4
BRDA:96,13,0,3
BRDA:100,14,0,1
BRDA:100,15,0,2
BRDA:101,16,0,1
BRDA:101,17,0,1
BRDA:104,18,0,1
BRDA:106,19,0,2
BRDA:108,20,0,1
BRDA:111,21,0,30
BRDA:111,22,0,29
BRDA:113,23,0,28
BRDA:117,24,0,41
BRDA:118,25,0,1
BRDA:114,26,0,28
BRDA:114,27,0,27
BRDA:123,28,0,40
BRF:29
BRH:29
end_of_record
TN:
SF:src\hooks\useFirstRender.ts
FN:21,useFirstRender
FNF:1
FNH:1
FNDA:2,useFirstRender
DA:1,1
DA:2,1
DA:3,1
DA:4,1
DA:5,1
DA:6,1
DA:7,1
DA:8,1
DA:9,1
DA:10,1
DA:11,1
DA:12,1
DA:13,1
DA:14,1
DA:15,1
DA:16,1
DA:17,1
DA:18,1
DA:19,1
DA:20,1
DA:21,2
DA:22,2
DA:23,2
DA:24,2
DA:25,1
DA:26,1
DA:27,1
DA:28,1
DA:29,1
DA:30,1
DA:31,1
DA:32,1
LF:32
LH:32
BRDA:21,0,0,2
BRDA:24,1,0,1
BRF:2
BRH:2
end_of_record
TN:
SF:src\hooks\useToggle.ts
FN:26,useToggle
FNF:1
FNH:1
FNDA:2,useToggle
DA:1,1
DA:2,1
DA:3,1
DA:4,1
DA:5,1
DA:6,1
DA:7,1
DA:8,1
DA:9,1
DA:10,1
DA:11,1
DA:12,1
DA:13,1
DA:14,1
DA:15,1
DA:16,1
DA:17,1
DA:18,1
DA:19,1
DA:20,1
DA:21,1
DA:22,1
DA:23,1
DA:24,1
DA:25,1
DA:26,2
DA:27,2
DA:28,2
DA:29,2
DA:30,2
DA:31,1
DA:32,1
LF:32
LH:32
BRDA:26,0,0,2
BRDA:28,1,0,1
BRDA:28,2,0,1
BRF:3
BRH:3
end_of_record
